2025-03-09 21:00:01 INFO Closing mailbox, abandoning 0 handles.
2025-03-09 21:00:53 INFO Closing mailbox, abandoning 0 handles.
2025-03-09 21:05:47 INFO Closing mailbox, abandoning 0 handles.
2025-03-09 21:07:10 INFO Closing mailbox, abandoning 0 handles.
2025-03-09 23:26:57 INFO Running runs: []
2025-03-09 23:26:58 INFO Agent received command: run
2025-03-09 23:26:58 INFO Agent starting run with config:
	activation: relu
	batch_size: 756
	beta: 0.2501772809668846
	beta1: 0.7002398998851305
	beta2: 0.502162150907296
	epochs: 411
	epsilon: 7.793903170665063e-07
	input_size: 798
	learning_rate: 0.07939274780058657
	loss: cross_entropy
	loss_function: cross entropy
	momentum: 1.2011879640723806
	num_layers: 1
	optimizer: adam
	output_size: 5
	wandb_entity: da24d008-iit-madras
	wandb_project: da24d008-assignment1
	wandb_sweep: false
	weight_decay: 0.14038693859523377
	weight_init: xavier
2025-03-09 23:26:58 INFO About to run command: /usr/bin/env python train.py --activation=relu --batch_size=756 --beta=0.2501772809668846 --beta1=0.7002398998851305 --beta2=0.502162150907296 --epochs=411 --epsilon=7.793903170665063e-07 --input_size=798 --learning_rate=0.07939274780058657 --loss=cross_entropy "--loss_function=cross entropy" --momentum=1.2011879640723806 --num_layers=1 --optimizer=adam --output_size=5 --wandb_entity=da24d008-iit-madras --wandb_project=da24d008-assignment1 --wandb_sweep=false --weight_decay=0.14038693859523377 --weight_init=xavier
2025-03-09 23:27:03 INFO Running runs: ['n5jsp4qc']
2025-03-09 23:27:03 INFO Cleaning up finished run: n5jsp4qc
2025-03-09 23:27:03 INFO Agent received command: run
2025-03-09 23:27:03 INFO Agent starting run with config:
	activation: relu
	batch_size: 801
	beta: 0.4704397418101676
	beta1: 0.3157994316579099
	beta2: 0.4395198648753939
	epochs: 834
	epsilon: 1.0908586563889285e-06
	input_size: 1374
	learning_rate: 0.10310739402676591
	loss: cross_entropy
	loss_function: cross entropy
	momentum: 0.8694381122494576
	num_layers: 1
	optimizer: nag
	output_size: 16
	wandb_entity: da24d008-iit-madras
	wandb_project: da24d008-assignment1
	wandb_sweep: true
	weight_decay: 0.8461480254665359
	weight_init: xavier
2025-03-09 23:27:03 INFO About to run command: /usr/bin/env python train.py --activation=relu --batch_size=801 --beta=0.4704397418101676 --beta1=0.3157994316579099 --beta2=0.4395198648753939 --epochs=834 --epsilon=1.0908586563889285e-06 --input_size=1374 --learning_rate=0.10310739402676591 --loss=cross_entropy "--loss_function=cross entropy" --momentum=0.8694381122494576 --num_layers=1 --optimizer=nag --output_size=16 --wandb_entity=da24d008-iit-madras --wandb_project=da24d008-assignment1 --wandb_sweep=true --weight_decay=0.8461480254665359 --weight_init=xavier
2025-03-09 23:27:34 INFO Running runs: []
2025-03-09 23:27:35 INFO Agent received command: run
2025-03-09 23:27:35 INFO Agent starting run with config:
	activation: sigmoid
	batch_size: 420
	beta: 1.1504172984119525
	beta1: 0.882675040731317
	beta2: 0.33955216300785407
	epochs: 1798
	epsilon: 1.489550064501893e-06
	input_size: 452
	learning_rate: 0.0781362317366834
	loss: cross_entropy
	loss_function: cross entropy
	momentum: 0.5057382473646024
	num_layers: 3
	optimizer: momentum
	output_size: 14
	wandb_entity: da24d008-iit-madras
	wandb_project: da24d008-assignment1
	wandb_sweep: true
	weight_decay: 0.037801257391906984
	weight_init: random
2025-03-09 23:27:35 INFO About to run command: /usr/bin/env python train.py --activation=sigmoid --batch_size=420 --beta=1.1504172984119525 --beta1=0.882675040731317 --beta2=0.33955216300785407 --epochs=1798 --epsilon=1.489550064501893e-06 --input_size=452 --learning_rate=0.0781362317366834 --loss=cross_entropy "--loss_function=cross entropy" --momentum=0.5057382473646024 --num_layers=3 --optimizer=momentum --output_size=14 --wandb_entity=da24d008-iit-madras --wandb_project=da24d008-assignment1 --wandb_sweep=true --weight_decay=0.037801257391906984 --weight_init=random
2025-03-09 23:27:40 INFO Running runs: ['brcs7til']
2025-03-09 23:27:40 INFO Cleaning up finished run: brcs7til
2025-03-09 23:27:40 INFO Closing mailbox, abandoning 0 handles.
2025-03-09 23:27:41 INFO Agent received command: run
2025-03-09 23:27:41 INFO Agent starting run with config:
	activation: relu
	batch_size: 578
	beta: 0.8175961945599599
	beta1: 1.1248570622284977
	beta2: 1.372938162761231
	epochs: 818
	epsilon: 1.7935543563947797e-06
	input_size: 507
	learning_rate: 0.10589661579046487
	loss: cross_entropy
	loss_function: cross entropy
	momentum: 0.9554461879417424
	num_layers: 1
	optimizer: adam
	output_size: 16
	wandb_entity: da24d008-iit-madras
	wandb_project: da24d008-assignment1
	wandb_sweep: true
	weight_decay: 0.8944047687540818
	weight_init: random
2025-03-09 23:27:41 INFO About to run command: /usr/bin/env python train.py --activation=relu --batch_size=578 --beta=0.8175961945599599 --beta1=1.1248570622284977 --beta2=1.372938162761231 --epochs=818 --epsilon=1.7935543563947797e-06 --input_size=507 --learning_rate=0.10589661579046487 --loss=cross_entropy "--loss_function=cross entropy" --momentum=0.9554461879417424 --num_layers=1 --optimizer=adam --output_size=16 --wandb_entity=da24d008-iit-madras --wandb_project=da24d008-assignment1 --wandb_sweep=true --weight_decay=0.8944047687540818 --weight_init=random
2025-03-09 23:27:46 INFO Running runs: ['0b7fyjx8']
2025-03-09 23:27:46 INFO Cleaning up finished run: 0b7fyjx8
2025-03-09 23:27:46 INFO Agent received command: run
2025-03-09 23:27:47 INFO Agent starting run with config:
	activation: sigmoid
	batch_size: 830
	beta: 1.4098707134847122
	beta1: 0.3895106855460423
	beta2: 1.8621383437810175
	epochs: 595
	epsilon: 1.611159095046067e-06
	input_size: 809
	learning_rate: 0.006811220931850607
	loss: cross_entropy
	loss_function: cross entropy
	momentum: 0.7396842027537356
	num_layers: 4
	optimizer: adam
	output_size: 14
	wandb_entity: da24d008-iit-madras
	wandb_project: da24d008-assignment1
	wandb_sweep: false
	weight_decay: 0.3035204884641105
	weight_init: xavier
2025-03-09 23:27:47 INFO About to run command: /usr/bin/env python train.py --activation=sigmoid --batch_size=830 --beta=1.4098707134847122 --beta1=0.3895106855460423 --beta2=1.8621383437810175 --epochs=595 --epsilon=1.611159095046067e-06 --input_size=809 --learning_rate=0.006811220931850607 --loss=cross_entropy "--loss_function=cross entropy" --momentum=0.7396842027537356 --num_layers=4 --optimizer=adam --output_size=14 --wandb_entity=da24d008-iit-madras --wandb_project=da24d008-assignment1 --wandb_sweep=false --weight_decay=0.3035204884641105 --weight_init=xavier
2025-03-09 23:27:52 INFO Running runs: ['3ic0xztw']
2025-03-09 23:27:52 ERROR Detected 3 failed runs in the first 60 seconds, shutting down.
2025-03-09 23:27:52 INFO To disable this check set WANDB_AGENT_DISABLE_FLAPPING=true
2025-03-10 00:52:59 INFO Running runs: []
2025-03-10 00:52:59 INFO Agent received command: run
2025-03-10 00:52:59 INFO Agent starting run with config:
	activation: relu
	batch_size: 774
	beta: 0.25008578111300866
	beta1: 0.7107393685944818
	beta2: 0.4840099990638307
	epochs: 638
	epsilon: 7.793903170665063e-07
	input_size: 798
	learning_rate: 0.007989480459327765
	loss: cross_entropy
	momentum: 0.8976101930956847
	optimizer: rmsprop
	output_size: 8
	wandb_entity: da24d008-iit-madras
	wandb_project: da24d008-assignment1
	wandb_sweep: false
	weight_decay: 0.00028665114561583424
	weight_init: xavier
2025-03-10 00:52:59 INFO About to run command: /usr/bin/env python train.py --activation=relu --batch_size=774 --beta=0.25008578111300866 --beta1=0.7107393685944818 --beta2=0.4840099990638307 --epochs=638 --epsilon=7.793903170665063e-07 --input_size=798 --learning_rate=0.007989480459327765 --loss=cross_entropy --momentum=0.8976101930956847 --optimizer=rmsprop --output_size=8 --wandb_entity=da24d008-iit-madras --wandb_project=da24d008-assignment1 --wandb_sweep=false --weight_decay=0.00028665114561583424 --weight_init=xavier
2025-03-10 00:53:04 INFO Running runs: ['vvjbib0z']
2025-03-10 00:53:09 INFO Cleaning up finished run: vvjbib0z
2025-03-10 00:53:10 INFO Closing mailbox, abandoning 0 handles.
2025-03-10 00:53:10 INFO Agent received command: run
2025-03-10 00:53:10 INFO Agent starting run with config:
	activation: relu
	batch_size: 657
	beta: 0.8406508466651561
	beta1: 0.43586846366321663
	beta2: 0.9386045185075124
	epochs: 1761
	epsilon: 6.361181052988157e-07
	input_size: 1364
	learning_rate: 0.005689856938135521
	loss: cross_entropy
	momentum: 1.217449799909324
	optimizer: momentum
	output_size: 14
	wandb_entity: da24d008-iit-madras
	wandb_project: da24d008-assignment1
	wandb_sweep: false
	weight_decay: 0.0005058215347161756
	weight_init: xavier
2025-03-10 00:53:10 INFO About to run command: /usr/bin/env python train.py --activation=relu --batch_size=657 --beta=0.8406508466651561 --beta1=0.43586846366321663 --beta2=0.9386045185075124 --epochs=1761 --epsilon=6.361181052988157e-07 --input_size=1364 --learning_rate=0.005689856938135521 --loss=cross_entropy --momentum=1.217449799909324 --optimizer=momentum --output_size=14 --wandb_entity=da24d008-iit-madras --wandb_project=da24d008-assignment1 --wandb_sweep=false --weight_decay=0.0005058215347161756 --weight_init=xavier
2025-03-10 00:53:15 INFO Running runs: ['ykeakc1x']
2025-03-10 00:53:21 INFO Cleaning up finished run: ykeakc1x
2025-03-10 00:53:21 INFO Agent received command: run
2025-03-10 00:53:21 INFO Agent starting run with config:
	activation: relu
	batch_size: 935
	beta: 0.6662584369010073
	beta1: 1.1450608732969585
	beta2: 0.8659542640365088
	epochs: 1083
	epsilon: 1.8253821487295672e-06
	input_size: 1049
	learning_rate: 0.006933237511229319
	loss: cross_entropy
	momentum: 0.7783007332575769
	optimizer: rmsprop
	output_size: 10
	wandb_entity: da24d008-iit-madras
	wandb_project: da24d008-assignment1
	wandb_sweep: false
	weight_decay: 0.0006324633859831527
	weight_init: random
2025-03-10 00:53:21 INFO About to run command: /usr/bin/env python train.py --activation=relu --batch_size=935 --beta=0.6662584369010073 --beta1=1.1450608732969585 --beta2=0.8659542640365088 --epochs=1083 --epsilon=1.8253821487295672e-06 --input_size=1049 --learning_rate=0.006933237511229319 --loss=cross_entropy --momentum=0.7783007332575769 --optimizer=rmsprop --output_size=10 --wandb_entity=da24d008-iit-madras --wandb_project=da24d008-assignment1 --wandb_sweep=false --weight_decay=0.0006324633859831527 --weight_init=random
2025-03-10 00:53:26 INFO Running runs: ['d7ylnie6']
2025-03-10 00:53:37 ERROR Detected 3 failed runs in the first 60 seconds, shutting down.
2025-03-10 00:53:37 INFO To disable this check set WANDB_AGENT_DISABLE_FLAPPING=true
2025-03-10 20:28:34 ERROR 400 response executing GraphQL.
2025-03-10 20:28:34 ERROR {"errors":[{"message":"name required for project query","path":["project"]}],"data":{"project":null}}
2025-03-10 20:28:34 ERROR Traceback (most recent call last):
  File "/Users/rudra_sarkar/Documents/CNN_practice/5h_prac/TFODCourse/tfod_new/env/lib/python3.8/site-packages/wandb/apis/normalize.py", line 25, in wrapper
    return func(*args, **kwargs)
  File "/Users/rudra_sarkar/Documents/CNN_practice/5h_prac/TFODCourse/tfod_new/env/lib/python3.8/site-packages/wandb/sdk/internal/internal_api.py", line 1129, in sweep
    response = self.gql(
  File "/Users/rudra_sarkar/Documents/CNN_practice/5h_prac/TFODCourse/tfod_new/env/lib/python3.8/site-packages/wandb/sdk/internal/internal_api.py", line 370, in gql
    ret = self._retry_gql(
  File "/Users/rudra_sarkar/Documents/CNN_practice/5h_prac/TFODCourse/tfod_new/env/lib/python3.8/site-packages/wandb/sdk/lib/retry.py", line 134, in __call__
    result = self._call_fn(*args, **kwargs)
  File "/Users/rudra_sarkar/Documents/CNN_practice/5h_prac/TFODCourse/tfod_new/env/lib/python3.8/site-packages/wandb/sdk/internal/internal_api.py", line 398, in execute
    return self.client.execute(*args, **kwargs)  # type: ignore
  File "/Users/rudra_sarkar/Documents/CNN_practice/5h_prac/TFODCourse/tfod_new/env/lib/python3.8/site-packages/wandb/vendor/gql-0.2.0/wandb_gql/client.py", line 52, in execute
    result = self._get_result(document, *args, **kwargs)
  File "/Users/rudra_sarkar/Documents/CNN_practice/5h_prac/TFODCourse/tfod_new/env/lib/python3.8/site-packages/wandb/vendor/gql-0.2.0/wandb_gql/client.py", line 60, in _get_result
    return self.transport.execute(document, *args, **kwargs)
  File "/Users/rudra_sarkar/Documents/CNN_practice/5h_prac/TFODCourse/tfod_new/env/lib/python3.8/site-packages/wandb/sdk/lib/gql_request.py", line 59, in execute
    request.raise_for_status()
  File "/Users/rudra_sarkar/Documents/CNN_practice/5h_prac/TFODCourse/tfod_new/env/lib/python3.8/site-packages/requests/models.py", line 1021, in raise_for_status
    raise HTTPError(http_error_msg, response=self)
requests.exceptions.HTTPError: 400 Client Error: Bad Request for url: https://api.wandb.ai/graphql

During handling of the above exception, another exception occurred:

Traceback (most recent call last):
  File "/Users/rudra_sarkar/Documents/CNN_practice/5h_prac/TFODCourse/tfod_new/env/lib/python3.8/site-packages/wandb/cli/cli.py", line 104, in wrapper
    return func(*args, **kwargs)
  File "/Users/rudra_sarkar/Documents/CNN_practice/5h_prac/TFODCourse/tfod_new/env/lib/python3.8/site-packages/wandb/cli/cli.py", line 1676, in agent
    wandb_agent.agent(sweep_id, entity=entity, project=project, count=count)
  File "/Users/rudra_sarkar/Documents/CNN_practice/5h_prac/TFODCourse/tfod_new/env/lib/python3.8/site-packages/wandb/wandb_agent.py", line 567, in agent
    return run_agent(
  File "/Users/rudra_sarkar/Documents/CNN_practice/5h_prac/TFODCourse/tfod_new/env/lib/python3.8/site-packages/wandb/wandb_agent.py", line 526, in run_agent
    agent.run()
  File "/Users/rudra_sarkar/Documents/CNN_practice/5h_prac/TFODCourse/tfod_new/env/lib/python3.8/site-packages/wandb/wandb_agent.py", line 193, in run
    sweep_obj = self._api.sweep(self._sweep_id, "{}")
  File "/Users/rudra_sarkar/Documents/CNN_practice/5h_prac/TFODCourse/tfod_new/env/lib/python3.8/site-packages/wandb/apis/internal.py", line 134, in sweep
    return self.api.sweep(*args, **kwargs)
  File "/Users/rudra_sarkar/Documents/CNN_practice/5h_prac/TFODCourse/tfod_new/env/lib/python3.8/site-packages/wandb/apis/normalize.py", line 42, in wrapper
    raise CommError(message, error)
wandb.errors.errors.CommError: HTTP 400: name required for project query

2025-03-10 20:28:35 INFO Closing mailbox, abandoning 0 handles.
2025-03-10 20:34:53 ERROR 400 response executing GraphQL.
2025-03-10 20:34:53 ERROR {"errors":[{"message":"name required for project query","path":["project"]}],"data":{"project":null}}
2025-03-10 20:34:53 ERROR Traceback (most recent call last):
  File "/Users/rudra_sarkar/Documents/CNN_practice/5h_prac/TFODCourse/tfod_new/env/lib/python3.8/site-packages/wandb/apis/normalize.py", line 25, in wrapper
    return func(*args, **kwargs)
  File "/Users/rudra_sarkar/Documents/CNN_practice/5h_prac/TFODCourse/tfod_new/env/lib/python3.8/site-packages/wandb/sdk/internal/internal_api.py", line 1129, in sweep
    response = self.gql(
  File "/Users/rudra_sarkar/Documents/CNN_practice/5h_prac/TFODCourse/tfod_new/env/lib/python3.8/site-packages/wandb/sdk/internal/internal_api.py", line 370, in gql
    ret = self._retry_gql(
  File "/Users/rudra_sarkar/Documents/CNN_practice/5h_prac/TFODCourse/tfod_new/env/lib/python3.8/site-packages/wandb/sdk/lib/retry.py", line 134, in __call__
    result = self._call_fn(*args, **kwargs)
  File "/Users/rudra_sarkar/Documents/CNN_practice/5h_prac/TFODCourse/tfod_new/env/lib/python3.8/site-packages/wandb/sdk/internal/internal_api.py", line 398, in execute
    return self.client.execute(*args, **kwargs)  # type: ignore
  File "/Users/rudra_sarkar/Documents/CNN_practice/5h_prac/TFODCourse/tfod_new/env/lib/python3.8/site-packages/wandb/vendor/gql-0.2.0/wandb_gql/client.py", line 52, in execute
    result = self._get_result(document, *args, **kwargs)
  File "/Users/rudra_sarkar/Documents/CNN_practice/5h_prac/TFODCourse/tfod_new/env/lib/python3.8/site-packages/wandb/vendor/gql-0.2.0/wandb_gql/client.py", line 60, in _get_result
    return self.transport.execute(document, *args, **kwargs)
  File "/Users/rudra_sarkar/Documents/CNN_practice/5h_prac/TFODCourse/tfod_new/env/lib/python3.8/site-packages/wandb/sdk/lib/gql_request.py", line 59, in execute
    request.raise_for_status()
  File "/Users/rudra_sarkar/Documents/CNN_practice/5h_prac/TFODCourse/tfod_new/env/lib/python3.8/site-packages/requests/models.py", line 1021, in raise_for_status
    raise HTTPError(http_error_msg, response=self)
requests.exceptions.HTTPError: 400 Client Error: Bad Request for url: https://api.wandb.ai/graphql

During handling of the above exception, another exception occurred:

Traceback (most recent call last):
  File "/Users/rudra_sarkar/Documents/CNN_practice/5h_prac/TFODCourse/tfod_new/env/lib/python3.8/site-packages/wandb/cli/cli.py", line 104, in wrapper
    return func(*args, **kwargs)
  File "/Users/rudra_sarkar/Documents/CNN_practice/5h_prac/TFODCourse/tfod_new/env/lib/python3.8/site-packages/wandb/cli/cli.py", line 1676, in agent
    wandb_agent.agent(sweep_id, entity=entity, project=project, count=count)
  File "/Users/rudra_sarkar/Documents/CNN_practice/5h_prac/TFODCourse/tfod_new/env/lib/python3.8/site-packages/wandb/wandb_agent.py", line 567, in agent
    return run_agent(
  File "/Users/rudra_sarkar/Documents/CNN_practice/5h_prac/TFODCourse/tfod_new/env/lib/python3.8/site-packages/wandb/wandb_agent.py", line 526, in run_agent
    agent.run()
  File "/Users/rudra_sarkar/Documents/CNN_practice/5h_prac/TFODCourse/tfod_new/env/lib/python3.8/site-packages/wandb/wandb_agent.py", line 193, in run
    sweep_obj = self._api.sweep(self._sweep_id, "{}")
  File "/Users/rudra_sarkar/Documents/CNN_practice/5h_prac/TFODCourse/tfod_new/env/lib/python3.8/site-packages/wandb/apis/internal.py", line 134, in sweep
    return self.api.sweep(*args, **kwargs)
  File "/Users/rudra_sarkar/Documents/CNN_practice/5h_prac/TFODCourse/tfod_new/env/lib/python3.8/site-packages/wandb/apis/normalize.py", line 42, in wrapper
    raise CommError(message, error)
wandb.errors.errors.CommError: HTTP 400: name required for project query

2025-03-10 20:34:53 INFO Closing mailbox, abandoning 0 handles.
2025-03-10 20:36:19 INFO Closing mailbox, abandoning 0 handles.
2025-03-10 20:36:35 INFO Running runs: []
2025-03-10 20:36:36 INFO Agent received command: run
2025-03-10 20:36:36 INFO Agent starting run with config:
	activation: relu
	batch_size: 1024
	beta1: 0.8532901548302144
	beta2: 0.9378679848813732
	epochs: 200
	hidden_size: [784, 10]
	learning_rate: 0.020001429429480695
	loss: mean_squared_error
	momentum: 0.6987195699487563
	optimizer: rmsprop
	weight_decay: 0.0008211960251968635
	weight_init: xavier
2025-03-10 20:36:36 INFO About to run command: /usr/bin/env python  --activation=relu --batch_size=1024 --beta1=0.8532901548302144 --beta2=0.9378679848813732 --epochs=200 "--hidden_size=[784, 10]" --learning_rate=0.020001429429480695 --loss=mean_squared_error --momentum=0.6987195699487563 --optimizer=rmsprop --weight_decay=0.0008211960251968635 --weight_init=xavier
2025-03-10 20:36:41 INFO Running runs: ['70xgsrxc']
2025-03-10 20:36:41 INFO Cleaning up finished run: 70xgsrxc
2025-03-10 20:36:42 INFO Closing mailbox, abandoning 0 handles.
2025-03-10 20:36:42 INFO Agent received command: run
2025-03-10 20:36:42 INFO Agent starting run with config:
	activation: sigmoid
	batch_size: 1024
	beta1: 0.8022850980968333
	beta2: 0.9396139197412386
	epochs: 500
	hidden_size: [512, 256]
	learning_rate: 0.0036394977484512743
	loss: cross_entropy
	momentum: 0.963082478180428
	optimizer: momentum
	weight_decay: 0.0009176158159870208
	weight_init: xavier
2025-03-10 20:36:42 INFO About to run command: /usr/bin/env python  --activation=sigmoid --batch_size=1024 --beta1=0.8022850980968333 --beta2=0.9396139197412386 --epochs=500 "--hidden_size=[512, 256]" --learning_rate=0.0036394977484512743 --loss=cross_entropy --momentum=0.963082478180428 --optimizer=momentum --weight_decay=0.0009176158159870208 --weight_init=xavier
2025-03-10 20:36:47 INFO Running runs: ['qrousk8c']
2025-03-10 20:36:47 INFO Cleaning up finished run: qrousk8c
2025-03-10 20:36:48 INFO Agent received command: run
2025-03-10 20:36:48 INFO Agent starting run with config:
	activation: relu
	batch_size: 512
	beta1: 0.9458193290622487
	beta2: 0.9170181434328204
	epochs: 400
	hidden_size: [512, 256]
	learning_rate: 0.00045284245813349936
	loss: cross_entropy
	momentum: 0.7221095052600837
	optimizer: momentum
	weight_decay: 0.0009561424105405604
	weight_init: random
2025-03-10 20:36:48 INFO About to run command: /usr/bin/env python  --activation=relu --batch_size=512 --beta1=0.9458193290622487 --beta2=0.9170181434328204 --epochs=400 "--hidden_size=[512, 256]" --learning_rate=0.00045284245813349936 --loss=cross_entropy --momentum=0.7221095052600837 --optimizer=momentum --weight_decay=0.0009561424105405604 --weight_init=random
2025-03-10 20:36:53 INFO Running runs: ['xo1lftma']
2025-03-10 20:36:53 ERROR Detected 3 failed runs in the first 60 seconds, shutting down.
2025-03-10 20:36:53 INFO To disable this check set WANDB_AGENT_DISABLE_FLAPPING=true
